     C:\Users\KGIT20\Documents\GitHub\Eater\Debug\GameClient.lib 라이브러리 및 C:\Users\KGIT20\Documents\GitHub\Eater\Debug\GameClient.exp 개체를 생성하고 있습니다.
AI.obj : error LNK2019: "public: __thiscall Component::Component(void)" (??0Component@@QAE@XZ)"public: __thiscall AI::AI(void)" (??0AI@@QAE@XZ) 함수에서 참조되는 확인할 수 없는 외부 기호
KeyInput.obj : error LNK2001: 확인할 수 없는 외부 기호 "public: __thiscall Component::Component(void)" (??0Component@@QAE@XZ)
AI.obj : error LNK2019: "public: virtual __thiscall Component::~Component(void)" (??1Component@@UAE@XZ)"public: virtual __thiscall AI::~AI(void)" (??1AI@@UAE@XZ) 함수에서 참조되는 확인할 수 없는 외부 기호
KeyInput.obj : error LNK2001: 확인할 수 없는 외부 기호 "public: virtual __thiscall Component::~Component(void)" (??1Component@@UAE@XZ)
AI.obj : error LNK2019: "public: void __thiscall Transform::SetRotate(float,float,float)" (?SetRotate@Transform@@QAEXMMM@Z)"public: virtual void __thiscall AI::Update(void)" (?Update@AI@@UAEXXZ) 함수에서 참조되는 확인할 수 없는 외부 기호
KeyInput.obj : error LNK2001: 확인할 수 없는 외부 기호 "public: void __thiscall Transform::SetRotate(float,float,float)" (?SetRotate@Transform@@QAEXMMM@Z)
intro.obj : error LNK2019: _Instance"public: virtual void __thiscall intro::Awake(void)" (?Awake@intro@@UAEXXZ) 함수에서 참조되는 확인할 수 없는 외부 기호
inGame.obj : error LNK2001: 확인할 수 없는 외부 기호 _Instance
intro.obj : error LNK2019: _LoadMesh"public: virtual void __thiscall intro::Awake(void)" (?Awake@intro@@UAEXXZ) 함수에서 참조되는 확인할 수 없는 외부 기호
intro.obj : error LNK2019: _LoadMeshPath"public: virtual void __thiscall intro::Awake(void)" (?Awake@intro@@UAEXXZ) 함수에서 참조되는 확인할 수 없는 외부 기호
intro.obj : error LNK2019: "public: static void __cdecl ObjectManager::PushStart(class Component *)" (?PushStart@ObjectManager@@SAXPAVComponent@@@Z)"public: class Camera * __thiscall GameObject::AddComponent<class Camera>(bool)" (??$AddComponent@VCamera@@@GameObject@@QAEPAVCamera@@_N@Z) 함수에서 참조되는 확인할 수 없는 외부 기호
inGame.obj : error LNK2001: 확인할 수 없는 외부 기호 "public: static void __cdecl ObjectManager::PushStart(class Component *)" (?PushStart@ObjectManager@@SAXPAVComponent@@@Z)
intro.obj : error LNK2019: "public: static void __cdecl ObjectManager::PushAwake(class Component *)" (?PushAwake@ObjectManager@@SAXPAVComponent@@@Z)"public: class Camera * __thiscall GameObject::AddComponent<class Camera>(bool)" (??$AddComponent@VCamera@@@GameObject@@QAEPAVCamera@@_N@Z) 함수에서 참조되는 확인할 수 없는 외부 기호
inGame.obj : error LNK2001: 확인할 수 없는 외부 기호 "public: static void __cdecl ObjectManager::PushAwake(class Component *)" (?PushAwake@ObjectManager@@SAXPAVComponent@@@Z)
intro.obj : error LNK2019: "public: static void __cdecl ObjectManager::PushStartUpdate(class Component *)" (?PushStartUpdate@ObjectManager@@SAXPAVComponent@@@Z)"public: class Camera * __thiscall GameObject::AddComponent<class Camera>(bool)" (??$AddComponent@VCamera@@@GameObject@@QAEPAVCamera@@_N@Z) 함수에서 참조되는 확인할 수 없는 외부 기호
inGame.obj : error LNK2001: 확인할 수 없는 외부 기호 "public: static void __cdecl ObjectManager::PushStartUpdate(class Component *)" (?PushStartUpdate@ObjectManager@@SAXPAVComponent@@@Z)
intro.obj : error LNK2019: "public: static void __cdecl ObjectManager::PushTransformUpdate(class Component *)" (?PushTransformUpdate@ObjectManager@@SAXPAVComponent@@@Z)"public: class Camera * __thiscall GameObject::AddComponent<class Camera>(bool)" (??$AddComponent@VCamera@@@GameObject@@QAEPAVCamera@@_N@Z) 함수에서 참조되는 확인할 수 없는 외부 기호
inGame.obj : error LNK2001: 확인할 수 없는 외부 기호 "public: static void __cdecl ObjectManager::PushTransformUpdate(class Component *)" (?PushTransformUpdate@ObjectManager@@SAXPAVComponent@@@Z)
intro.obj : error LNK2019: "public: static void __cdecl ObjectManager::PushPhysicsUpdate(class Component *)" (?PushPhysicsUpdate@ObjectManager@@SAXPAVComponent@@@Z)"public: class Camera * __thiscall GameObject::AddComponent<class Camera>(bool)" (??$AddComponent@VCamera@@@GameObject@@QAEPAVCamera@@_N@Z) 함수에서 참조되는 확인할 수 없는 외부 기호
inGame.obj : error LNK2001: 확인할 수 없는 외부 기호 "public: static void __cdecl ObjectManager::PushPhysicsUpdate(class Component *)" (?PushPhysicsUpdate@ObjectManager@@SAXPAVComponent@@@Z)
intro.obj : error LNK2019: "public: static void __cdecl ObjectManager::PushEndUpdate(class Component *)" (?PushEndUpdate@ObjectManager@@SAXPAVComponent@@@Z)"public: class Camera * __thiscall GameObject::AddComponent<class Camera>(bool)" (??$AddComponent@VCamera@@@GameObject@@QAEPAVCamera@@_N@Z) 함수에서 참조되는 확인할 수 없는 외부 기호
inGame.obj : error LNK2001: 확인할 수 없는 외부 기호 "public: static void __cdecl ObjectManager::PushEndUpdate(class Component *)" (?PushEndUpdate@ObjectManager@@SAXPAVComponent@@@Z)
intro.obj : error LNK2019: "public: static void __cdecl ObjectManager::PushUpdate(class Component *)" (?PushUpdate@ObjectManager@@SAXPAVComponent@@@Z)"public: class Camera * __thiscall GameObject::AddComponent<class Camera>(bool)" (??$AddComponent@VCamera@@@GameObject@@QAEPAVCamera@@_N@Z) 함수에서 참조되는 확인할 수 없는 외부 기호
inGame.obj : error LNK2001: 확인할 수 없는 외부 기호 "public: static void __cdecl ObjectManager::PushUpdate(class Component *)" (?PushUpdate@ObjectManager@@SAXPAVComponent@@@Z)
intro.obj : error LNK2019: "public: void __thiscall Component::SetObject(class GameObject *)" (?SetObject@Component@@QAEXPAVGameObject@@@Z)"public: class Camera * __thiscall GameObject::AddComponent<class Camera>(bool)" (??$AddComponent@VCamera@@@GameObject@@QAEPAVCamera@@_N@Z) 함수에서 참조되는 확인할 수 없는 외부 기호
inGame.obj : error LNK2001: 확인할 수 없는 외부 기호 "public: void __thiscall Component::SetObject(class GameObject *)" (?SetObject@Component@@QAEXPAVGameObject@@@Z)
intro.obj : error LNK2019: "public: __thiscall MeshFilter::MeshFilter(void)" (??0MeshFilter@@QAE@XZ)"public: class MeshFilter * __thiscall GameObject::AddComponent<class MeshFilter>(bool)" (??$AddComponent@VMeshFilter@@@GameObject@@QAEPAVMeshFilter@@_N@Z) 함수에서 참조되는 확인할 수 없는 외부 기호
inGame.obj : error LNK2001: 확인할 수 없는 외부 기호 "public: __thiscall MeshFilter::MeshFilter(void)" (??0MeshFilter@@QAE@XZ)
intro.obj : error LNK2019: "public: void __thiscall MeshFilter::SetMeshName(class std::basic_string<char,struct std::char_traits<char>,class std::allocator<char> >)" (?SetMeshName@MeshFilter@@QAEXV?$basic_string@DU?$char_traits@D@std@@V?$allocator@D@2@@std@@@Z)"public: virtual void __thiscall intro::Awake(void)" (?Awake@intro@@UAEXXZ) 함수에서 참조되는 확인할 수 없는 외부 기호
inGame.obj : error LNK2001: 확인할 수 없는 외부 기호 "public: void __thiscall MeshFilter::SetMeshName(class std::basic_string<char,struct std::char_traits<char>,class std::allocator<char> >)" (?SetMeshName@MeshFilter@@QAEXV?$basic_string@DU?$char_traits@D@std@@V?$allocator@D@2@@std@@@Z)
intro.obj : error LNK2019: "public: __thiscall Camera::Camera(void)" (??0Camera@@QAE@XZ)"public: class Camera * __thiscall GameObject::AddComponent<class Camera>(bool)" (??$AddComponent@VCamera@@@GameObject@@QAEPAVCamera@@_N@Z) 함수에서 참조되는 확인할 수 없는 외부 기호
inGame.obj : error LNK2001: 확인할 수 없는 외부 기호 "public: __thiscall Camera::Camera(void)" (??0Camera@@QAE@XZ)
GameClient.obj : error LNK2019: _OnReSize"long __stdcall WndProc(struct HWND__ *,unsigned int,unsigned int,long)" (?WndProc@@YGJPAUHWND__@@IIJ@Z) 함수에서 참조되는 확인할 수 없는 외부 기호
GameManager.obj : error LNK2019: _EngineInitialize"public: void __thiscall GameManager::Start(struct HWND__ *)" (?Start@GameManager@@QAEXPAUHWND__@@@Z) 함수에서 참조되는 확인할 수 없는 외부 기호
GameManager.obj : error LNK2019: _UpdateEngine"public: void __thiscall GameManager::Update(void)" (?Update@GameManager@@QAEXXZ) 함수에서 참조되는 확인할 수 없는 외부 기호
GameManager.obj : error LNK2019: _ChoiceScene"public: void __thiscall GameManager::Start(struct HWND__ *)" (?Start@GameManager@@QAEXPAUHWND__@@@Z) 함수에서 참조되는 확인할 수 없는 외부 기호
GameManager.obj : error LNK2019: "void __cdecl CreateScene(class Scene *,class std::basic_string<char,struct std::char_traits<char>,class std::allocator<char> >)" (?CreateScene@@YAXPAVScene@@V?$basic_string@DU?$char_traits@D@std@@V?$allocator@D@2@@std@@@Z)"void __cdecl CreateScene<class InGame>(class std::basic_string<char,struct std::char_traits<char>,class std::allocator<char> >)" (??$CreateScene@VInGame@@@@YAXV?$basic_string@DU?$char_traits@D@std@@V?$allocator@D@2@@std@@@Z) 함수에서 참조되는 확인할 수 없는 외부 기호
GameManager.obj : error LNK2019: "public: __thiscall Scene::Scene(void)" (??0Scene@@QAE@XZ)"public: __thiscall InGame::InGame(void)" (??0InGame@@QAE@XZ) 함수에서 참조되는 확인할 수 없는 외부 기호
GameManager.obj : error LNK2019: "public: virtual __thiscall Scene::~Scene(void)" (??1Scene@@UAE@XZ)"public: virtual __thiscall InGame::~InGame(void)" (??1InGame@@UAE@XZ) 함수에서 참조되는 확인할 수 없는 외부 기호
KeyInput.obj : error LNK2019: _GetKeyDown"public: virtual void __thiscall Keyinput::Update(void)" (?Update@Keyinput@@UAEXXZ) 함수에서 참조되는 확인할 수 없는 외부 기호
KeyInput.obj : error LNK2019: _GetKeyUp"public: virtual void __thiscall Keyinput::Update(void)" (?Update@Keyinput@@UAEXXZ) 함수에서 참조되는 확인할 수 없는 외부 기호
KeyInput.obj : error LNK2019: _GetKey"public: virtual void __thiscall Keyinput::Update(void)" (?Update@Keyinput@@UAEXXZ) 함수에서 참조되는 확인할 수 없는 외부 기호
KeyInput.obj : error LNK2019: _GetMousePosX"public: virtual void __thiscall Keyinput::Update(void)" (?Update@Keyinput@@UAEXXZ) 함수에서 참조되는 확인할 수 없는 외부 기호
KeyInput.obj : error LNK2019: _GetMousePosY"public: virtual void __thiscall Keyinput::Update(void)" (?Update@Keyinput@@UAEXXZ) 함수에서 참조되는 확인할 수 없는 외부 기호
KeyInput.obj : error LNK2019: "public: void __thiscall Transform::SetLocalPosition(float,float,float)" (?SetLocalPosition@Transform@@QAEXMMM@Z)"public: virtual void __thiscall Keyinput::Update(void)" (?Update@Keyinput@@UAEXXZ) 함수에서 참조되는 확인할 수 없는 외부 기호
C:\Users\KGIT20\Documents\GitHub\Eater\Debug\GameClient.exe : fatal error LNK1120: 30개의 확인할 수 없는 외부 참조입니다.
