c:\users\kgit20\documents\github\eater\khparser\debug\vc142.pdb
c:\users\kgit20\documents\github\eater\khparser\debug\lexer.obj
c:\users\kgit20\documents\github\eater\khparser\debug\modelparser.obj
c:\users\kgit20\documents\github\eater\khparser\debug\imageparser.obj
c:\users\kgit20\documents\github\eater\khparser\debug\floatimage.obj
c:\users\kgit20\documents\github\eater\khparser\debug\fbxparser.obj
c:\users\kgit20\documents\github\eater\khparser\debug\charimage.obj
c:\users\kgit20\documents\github\eater\khparser\debug\aseparser.obj
c:\users\kgit20\documents\github\eater\khparser\debug\boneweights.obj
c:\users\kgit20\documents\github\eater\khparser\debug\asefile.obj
c:\users\kgit20\documents\github\eater\debug\khparser_x86d.pdb
c:\users\kgit20\documents\github\eater\khparser\debug\khparser.tlog\cl.command.1.tlog
c:\users\kgit20\documents\github\eater\khparser\debug\khparser.tlog\cl.read.1.tlog
c:\users\kgit20\documents\github\eater\khparser\debug\khparser.tlog\cl.write.1.tlog
c:\users\kgit20\documents\github\eater\khparser\debug\khparser.tlog\link-cvtres.read.1.tlog
c:\users\kgit20\documents\github\eater\khparser\debug\khparser.tlog\link-cvtres.write.1.tlog
c:\users\kgit20\documents\github\eater\khparser\debug\khparser.tlog\link-rc.read.1.tlog
c:\users\kgit20\documents\github\eater\khparser\debug\khparser.tlog\link-rc.write.1.tlog
c:\users\kgit20\documents\github\eater\khparser\debug\khparser.tlog\link.command.1.tlog
c:\users\kgit20\documents\github\eater\khparser\debug\khparser.tlog\link.read.1.tlog
c:\users\kgit20\documents\github\eater\khparser\debug\khparser.tlog\link.write.1.tlog
